<?xml version="1.0" encoding="UTF-8" ?>

<testsuite failures="0" time="0.328" errors="0" skipped="0" tests="1" name="unit.MailTest">
  <testcase classname="unit.MailTest" name="signUpEmail" time="0.328">
      </testcase>
</testsuite>
