<?xml version="1.0" encoding="UTF-8" ?>

<testsuite failures="0" time="0.672" errors="0" skipped="0" tests="3" name="functional.SecurityTest">
  <testcase classname="functional.SecurityTest" name="indexIsFree" time="0.547">
      </testcase>
  <testcase classname="functional.SecurityTest" name="forumCreationIsRestricted" time="0.125">
      </testcase>
  <testcase classname="functional.SecurityTest" name="forumDeletionIsRestricted" time="0">
      </testcase>
</testsuite>
