<?xml version="1.0" encoding="UTF-8" ?>

<testsuite failures="0" time="0.672" errors="0" skipped="0" tests="4" name="unit.TopicTest">
  <testcase classname="unit.TopicTest" name="countObjects" time="0.156">
      </testcase>
  <testcase classname="unit.TopicTest" name="tryHelpTopic" time="0.172">
      </testcase>
  <testcase classname="unit.TopicTest" name="newTopic" time="0.156">
      </testcase>
  <testcase classname="unit.TopicTest" name="testCascadeDelete" time="0.188">
      </testcase>
</testsuite>
