<?xml version="1.0" encoding="UTF-8" ?>

<testsuite failures="0" time="1.032" errors="0" skipped="0" tests="7" name="unit.UserTest">
  <testcase classname="unit.UserTest" name="countObjects" time="0.157">
      </testcase>
  <testcase classname="unit.UserTest" name="checkAdmin" time="0.14">
      </testcase>
  <testcase classname="unit.UserTest" name="guillaumeNeedConfirmation" time="0.172">
      </testcase>
  <testcase classname="unit.UserTest" name="createNewUser" time="0.125">
      </testcase>
  <testcase classname="unit.UserTest" name="checkUserPosts" time="0.188">
      </testcase>
  <testcase classname="unit.UserTest" name="freshData" time="0.125">
      </testcase>
  <testcase classname="unit.UserTest" name="someFinder" time="0.125">
      </testcase>
</testsuite>
